<?xml version="1.0" encoding="UTF-8"?>
<!-- Generated by org.testng.reporters.JUnitReportReporter -->
<testsuite hostname="DESKTOP-PB84E63" failures="0" tests="1" name="com.Inet.testCases.testNg" time="0.009" errors="0" timestamp="05 Jul 2023 10:09:37 GMT" skipped="0">
  <testcase classname="com.Inet.testCases.testNg" name="TestGoogle" time="0.009"/>
</testsuite> <!-- com.Inet.testCases.testNg -->
