<?xml version="1.0" encoding="UTF-8"?>
<!-- Generated by org.testng.reporters.JUnitReportReporter -->
<testsuite hostname="DESKTOP-PB84E63" failures="0" tests="1" name="com.Inet.testCases.TC_LoginTest_001" time="27.864" errors="0" timestamp="12 Aug 2023 13:07:22 GMT" skipped="0">
  <testcase classname="com.Inet.testCases.TC_LoginTest_001" name="loginTest" time="27.864"/>
</testsuite> <!-- com.Inet.testCases.TC_LoginTest_001 -->
